\BOOKMARK [0][-]{section*.1}{Contents}{}% 1
\BOOKMARK [0][-]{section*.2}{List of Figures}{}% 2
\BOOKMARK [0][-]{section*.3}{List of Tables}{}% 3
\BOOKMARK [0][-]{section*.4}{Contents}{}% 4
\BOOKMARK [0][-]{section*.5}{List of Figures}{}% 5
\BOOKMARK [0][-]{section*.6}{List of Tables}{}% 6
\BOOKMARK [0][-]{section*.7}{Contents}{}% 7
\BOOKMARK [0][-]{section*.8}{List of Figures}{}% 8
\BOOKMARK [0][-]{section*.9}{List of Tables}{}% 9
\BOOKMARK [0][-]{chapter.1}{Introduction}{}% 10
\BOOKMARK [1][-]{section.1.1}{Introduction}{chapter.1}% 11
\BOOKMARK [2][-]{subsection.1.1.1}{Objectives}{section.1.1}% 12
\BOOKMARK [2][-]{subsection.1.1.2}{Outline}{section.1.1}% 13
\BOOKMARK [0][-]{chapter.2}{Preliminaries}{}% 14
\BOOKMARK [1][-]{section.2.1}{Preliminaries}{chapter.2}% 15
\BOOKMARK [2][-]{subsection.2.1.1}{3-SAT Problem}{section.2.1}% 16
\BOOKMARK [2][-]{subsection.2.1.2}{P vs NP}{section.2.1}% 17
\BOOKMARK [2][-]{subsection.2.1.3}{Completeness and Hardness}{section.2.1}% 18
\BOOKMARK [2][-]{subsection.2.1.4}{Genetic Algorithms}{section.2.1}% 19
\BOOKMARK [2][-]{subsection.2.1.5}{SAT Solvers}{section.2.1}% 20
\BOOKMARK [0][-]{chapter.3}{Genetic Algorithm Design}{}% 21
\BOOKMARK [1][-]{section.3.1}{Genetic Algorithm Design}{chapter.3}% 22
\BOOKMARK [2][-]{subsection.3.1.1}{Codification of individuals}{section.3.1}% 23
\BOOKMARK [2][-]{subsection.3.1.2}{Fitness Function}{section.3.1}% 24
\BOOKMARK [2][-]{subsection.3.1.3}{Initial Population}{section.3.1}% 25
\BOOKMARK [2][-]{subsection.3.1.4}{Selection}{section.3.1}% 26
\BOOKMARK [2][-]{subsection.3.1.5}{Crossover}{section.3.1}% 27
\BOOKMARK [2][-]{subsection.3.1.6}{Mutation}{section.3.1}% 28
\BOOKMARK [2][-]{subsection.3.1.7}{Population Replacement}{section.3.1}% 29
\BOOKMARK [2][-]{subsection.3.1.8}{Problem Specific Optimizations}{section.3.1}% 30
\BOOKMARK [0][-]{chapter.4}{Implementation}{}% 31
\BOOKMARK [1][-]{section.4.1}{Implementation}{chapter.4}% 32
\BOOKMARK [2][-]{subsection.4.1.1}{The genetic algorithm class}{section.4.1}% 33
\BOOKMARK [2][-]{subsection.4.1.2}{Data logging and processing}{section.4.1}% 34
\BOOKMARK [2][-]{subsection.4.1.3}{Experiment design}{section.4.1}% 35
\BOOKMARK [0][-]{chapter.5}{Analysis}{}% 36
\BOOKMARK [0][-]{chapter.6}{Conclusions}{}% 37
\BOOKMARK [0][-]{chapter*.55}{Bibliography}{}% 38
